scons: Reading SConscript files ...
Loading CxxTest tool...
scons: done reading SConscript files.
scons: Building targets ...
link /nologo /OUT:test\string_iterator_test.exe /LIBPATH:lib squid.lib test\string_iterator.t.obj
string_iterator.t.obj : error LNK2019: unresolved external symbol "class squid::string_iterator<char> __cdecl squid::match(class squid::string_iterator<char>,char const *)" (?match@squid@@YA?AV?$string_iterator@D@1@V21@PEBD@Z) referenced in function "public: void __cdecl StringIteratorTestSuite::test_str_match(void)" (?test_str_match@StringIteratorTestSuite@@QEAAXXZ)
string_iterator.t.obj : error LNK2019: unresolved external symbol "class squid::string_iterator<char> __cdecl squid::zero_or_more(class squid::string_iterator<char>,char const *)" (?zero_or_more@squid@@YA?AV?$string_iterator@D@1@V21@PEBD@Z) referenced in function "public: void __cdecl StringIteratorTestSuite::test_zero_or_more(void)" (?test_zero_or_more@StringIteratorTestSuite@@QEAAXXZ)
string_iterator.t.obj : error LNK2019: unresolved external symbol "class squid::string_iterator<char> __cdecl squid::one_or_more(class squid::string_iterator<char>,char const *)" (?one_or_more@squid@@YA?AV?$string_iterator@D@1@V21@PEBD@Z) referenced in function "public: void __cdecl StringIteratorTestSuite::test_one_or_more(void)" (?test_one_or_more@StringIteratorTestSuite@@QEAAXXZ)
string_iterator.t.obj : error LNK2019: unresolved external symbol "class squid::string_iterator<char> __cdecl squid::optional(class squid::string_iterator<char>,char const *)" (?optional@squid@@YA?AV?$string_iterator@D@1@V21@PEBD@Z) referenced in function "public: void __cdecl StringIteratorTestSuite::test_optional(void)" (?test_optional@StringIteratorTestSuite@@QEAAXXZ)
string_iterator.t.obj : error LNK2019: unresolved external symbol "class squid::string_iterator<char> __cdecl squid::any(class squid::string_iterator<char>,char const *)" (?any@squid@@YA?AV?$string_iterator@D@1@V21@PEBD@Z) referenced in function "public: void __cdecl StringIteratorTestSuite::test_any(void)" (?test_any@StringIteratorTestSuite@@QEAAXXZ)
string_iterator.t.obj : error LNK2019: unresolved external symbol "class squid::string_iterator<char> __cdecl squid::ws(class squid::string_iterator<char>,char const *)" (?ws@squid@@YA?AV?$string_iterator@D@1@V21@PEBD@Z) referenced in function "public: void __cdecl StringIteratorTestSuite::test_cclass(void)" (?test_cclass@StringIteratorTestSuite@@QEAAXXZ)
string_iterator.t.obj : error LNK2019: unresolved external symbol "class squid::string_iterator<char> __cdecl squid::hex_digit(class squid::string_iterator<char>,char const *)" (?hex_digit@squid@@YA?AV?$string_iterator@D@1@V21@PEBD@Z) referenced in function "public: void __cdecl StringIteratorTestSuite::test_cclass(void)" (?test_cclass@StringIteratorTestSuite@@QEAAXXZ)
string_iterator.t.obj : error LNK2019: unresolved external symbol "class squid::string_iterator<char> __cdecl squid::digit(class squid::string_iterator<char>,char const *)" (?digit@squid@@YA?AV?$string_iterator@D@1@V21@PEBD@Z) referenced in function "public: void __cdecl StringIteratorTestSuite::test_cclass(void)" (?test_cclass@StringIteratorTestSuite@@QEAAXXZ)
string_iterator.t.obj : error LNK2019: unresolved external symbol "class squid::string_iterator<char> __cdecl squid::one_or_more(class squid::string_iterator<char>,class std::tr1::function<class squid::string_iterator<char> __cdecl(class squid::string_iterator<char>,char const *)> const &,char const *)" (?one_or_more@squid@@YA?AV?$string_iterator@D@1@V21@AEBV?$function@$$A6A?AV?$string_iterator@D@squid@@V12@PEBD@Z@tr1@std@@PEBD@Z) referenced in function "public: void __cdecl StringIteratorTestSuite::test_cclass(void)" (?test_cclass@StringIteratorTestSuite@@QEAAXXZ)
string_iterator.t.obj : error LNK2019: unresolved external symbol "class squid::string_iterator<char> __cdecl squid::alpha(class squid::string_iterator<char>,char const *)" (?alpha@squid@@YA?AV?$string_iterator@D@1@V21@PEBD@Z) referenced in function "public: void __cdecl StringIteratorTestSuite::test_cclass(void)" (?test_cclass@StringIteratorTestSuite@@QEAAXXZ)
test\string_iterator_test.exe : fatal error LNK1120: 10 unresolved externals
scons: building terminated because of errors.
